<?xml version="1.0" encoding="UTF-8"?>
<!-- Generated by org.testng.reporters.JUnitXMLReporter -->
<testsuite ignored="0" hostname="DESKTOP-D76LPK7" failures="1" tests="22" name="Test" time="0.158" errors="0" timestamp="2023-01-04T19:17:39 IST">
  <testcase classname="testNg.DataProvider" name="test" time="0.008"/>
  <testcase classname="testNg.DataProvider" name="test" time="0.005"/>
  <testcase classname="testNg.DataProvider" name="test" time="0.006"/>
  <testcase classname="testNg.Priority" name="ademo" time="0.002"/>
  <testcase classname="testNg.Priority" name="bdemo" time="0.003"/>
  <testcase classname="testNg.Priority" name="Ademo" time="0.001"/>
  <testcase classname="testNg.Priority" name="Bdemo" time="0.001"/>
  <testcase classname="testNg.DependsOnMethods" name="login" time="0.002"/>
  <testcase classname="testNg.DependsOnMethods" name="search" time="0.002"/>
  <testcase classname="testNg.DependsOnMethods" name="select" time="0.005">
    <failure type="java.lang.AssertionError" message="null">
      <![CDATA[java.lang.AssertionError: null
at testNg.DependsOnMethods.select(DependsOnMethods.java:22)
at java.base/java.util.ArrayList.forEach(ArrayList.java:1511)
... Removed 29 stack frames]]>
    </failure>
  </testcase> <!-- select -->
  <testcase classname="testNg.DependsOnMethods" name="addToCart" time="0.0">
    <skipped/>
  </testcase> <!-- addToCart -->
  <testcase classname="testNg.DependsOnMethods" name="payment" time="0.0">
    <skipped/>
  </testcase> <!-- payment -->
  <testcase classname="testNg.DependsOnMethods" name="logout" time="0.0">
    <skipped/>
  </testcase> <!-- logout -->
  <testcase classname="testNg.Test1" name="Ademo" time="0.003"/>
  <testcase classname="testNg.Test1" name="Bdemo" time="0.001"/>
  <testcase classname="testNg.Test1" name="ademo" time="0.001"/>
  <testcase classname="testNg.Test1" name="bdemo" time="0.003"/>
  <testcase classname="testNg.InvocationCount" name="demoTest" time="0.001"/>
  <testcase classname="testNg.InvocationCount" name="demoTest" time="0.002"/>
  <testcase classname="testNg.InvocationCount" name="demoTest" time="0.001"/>
  <testcase classname="testNg.InvocationCount" name="demoTest" time="0.001"/>
  <testcase classname="testNg.InvocationCount" name="demoTest" time="0.002"/>
</testsuite> <!-- Test -->
